11:05:54 [INFO] Site Sentinel started. Watching 'content'...
11:06:13 [INFO] Detected new empty file: "/Users/aravindhsampathkumar/ai_playground/aravindh.net/content/test-sentinel.md"
11:06:13 [INFO] Injected front matter into "/Users/aravindhsampathkumar/ai_playground/aravindh.net/content/test-sentinel.md"
11:06:14 [INFO] Change detected. Starting pipeline...
11:06:14 [ERROR] Hugo build failed: hugo failed: ERROR error building site: assemble: failed to create page from pageMetaSource /test-sentinel: "/Users/aravindhsampathkumar/ai_playground/aravindh.net/content/test-sentinel.md:1:4": EOF looking for end TOML front matter delimiter

11:06:17 [INFO] Change detected. Starting pipeline...
11:06:17 [ERROR] Hugo build failed: hugo failed: ERROR error building site: assemble: failed to create page from pageMetaSource /test-sentinel: "/Users/aravindhsampathkumar/ai_playground/aravindh.net/content/test-sentinel.md:1:4": EOF looking for end TOML front matter delimiter

11:12:34 [INFO] Site Sentinel started. Watching 'content'...
11:12:43 [INFO] Change detected. Starting pipeline...
11:12:44 [INFO] Hugo build successful.
11:12:55 [INFO] Pipeline completed successfully.
11:13:05 [INFO] Detected new empty file: "/Users/aravindhsampathkumar/ai_playground/aravindh.net/content/notes/testsentinel.md"
11:13:05 [INFO] Injected front matter into "/Users/aravindhsampathkumar/ai_playground/aravindh.net/content/notes/testsentinel.md"
11:13:06 [INFO] Change detected. Starting pipeline...
11:13:06 [INFO] Hugo build successful.
11:13:07 [INFO] Pipeline completed successfully.
11:13:08 [INFO] Change detected. Starting pipeline...
11:13:08 [INFO] Hugo build successful.
11:13:10 [INFO] Pipeline completed successfully.
11:13:23 [INFO] Change detected. Starting pipeline...
11:13:23 [INFO] Hugo build successful.
11:13:24 [INFO] Pipeline completed successfully.
11:13:24 [INFO] Change detected. Starting pipeline...
11:13:24 [INFO] Hugo build successful.
11:13:26 [INFO] Pipeline completed successfully.
11:14:03 [INFO] Change detected. Starting pipeline...
11:14:03 [INFO] Hugo build successful.
11:14:05 [INFO] Pipeline completed successfully.
11:14:48 [INFO] Change detected. Starting pipeline...
11:14:48 [INFO] Hugo build successful.
11:14:50 [INFO] Pipeline completed successfully.
12:31:13 [INFO] Site Sentinel started. Watching 'content' and 'site.toml'!
12:31:28 [INFO] Detected new empty file: "/Users/aravindhsampathkumar/ai_playground/aravindh.net/content/notes/yet_another_note.md"
12:31:28 [INFO] Injected front matter into "/Users/aravindhsampathkumar/ai_playground/aravindh.net/content/notes/yet_another_note.md"
12:31:29 [INFO] Change detected. Starting pipeline...
12:31:29 [ERROR] Hugo build failed: hugo failed: ERROR error building site: assemble: failed to create page from pageMetaSource /notes/yet_another_note: "/Users/aravindhsampathkumar/ai_playground/aravindh.net/content/notes/yet_another_note.md:1:4": EOF looking for end TOML front matter delimiter

12:31:39 [INFO] Change detected. Starting pipeline...
12:31:39 [ERROR] Hugo build failed: hugo failed: ERROR error building site: assemble: failed to create page from pageMetaSource /notes/yet_another_note: "/Users/aravindhsampathkumar/ai_playground/aravindh.net/content/notes/yet_another_note.md:1:4": EOF looking for end TOML front matter delimiter

12:33:20 [INFO] Site Sentinel started. Watching 'content' and 'site.toml'!
12:33:32 [INFO] Change detected. Starting pipeline...
12:33:33 [INFO] Hugo build successful.
12:33:35 [INFO] Pipeline completed successfully.
12:33:40 [INFO] Detected new empty file: "/Users/aravindhsampathkumar/ai_playground/aravindh.net/content/notes/test-note.md"
12:33:40 [INFO] Injected front matter into "/Users/aravindhsampathkumar/ai_playground/aravindh.net/content/notes/test-note.md"
12:33:40 [INFO] Change detected. Starting pipeline...
12:33:40 [ERROR] Hugo build failed: hugo failed: ERROR error building site: assemble: failed to create page from pageMetaSource /notes/test-note: "/Users/aravindhsampathkumar/ai_playground/aravindh.net/content/notes/test-note.md:1:4": EOF looking for end TOML front matter delimiter

12:33:49 [INFO] Change detected. Starting pipeline...
12:33:49 [ERROR] Hugo build failed: hugo failed: ERROR error building site: assemble: failed to create page from pageMetaSource /notes/test-note: "/Users/aravindhsampathkumar/ai_playground/aravindh.net/content/notes/test-note.md:1:4": EOF looking for end TOML front matter delimiter

12:33:49 [INFO] Change detected. Starting pipeline...
12:33:49 [ERROR] Hugo build failed: hugo failed: ERROR error building site: assemble: failed to create page from pageMetaSource /notes/test-note: "/Users/aravindhsampathkumar/ai_playground/aravindh.net/content/notes/test-note.md:1:4": EOF looking for end TOML front matter delimiter

12:38:29 [INFO] Site Sentinel started. Watching 'content' and 'site.toml'!
12:38:39 [INFO] Change detected. Starting pipeline...
12:38:39 [ERROR] Hugo build failed: hugo failed: ERROR error building site: assemble: failed to create page from pageMetaSource /notes/test-note: "/Users/aravindhsampathkumar/ai_playground/aravindh.net/content/notes/test-note.md:1:4": EOF looking for end TOML front matter delimiter

12:38:48 [INFO] Detected new empty file: "/Users/aravindhsampathkumar/ai_playground/aravindh.net/content/notes/new_test.md"
12:38:48 [INFO] Injected front matter into "/Users/aravindhsampathkumar/ai_playground/aravindh.net/content/notes/new_test.md"
12:38:49 [INFO] Change detected. Starting pipeline...
12:38:49 [ERROR] Hugo build failed: hugo failed: ERROR error building site: assemble: failed to create page from pageMetaSource /notes/test-note: "/Users/aravindhsampathkumar/ai_playground/aravindh.net/content/notes/test-note.md:1:4": EOF looking for end TOML front matter delimiter

12:38:52 [INFO] Change detected. Starting pipeline...
12:38:52 [ERROR] Hugo build failed: hugo failed: ERROR error building site: assemble: failed to create page from pageMetaSource /notes/test-note: "/Users/aravindhsampathkumar/ai_playground/aravindh.net/content/notes/test-note.md:1:4": EOF looking for end TOML front matter delimiter

12:39:33 [INFO] Change detected. Starting pipeline...
12:39:33 [INFO] Hugo build successful.
12:39:35 [INFO] Pipeline completed successfully.
12:39:38 [INFO] Detected new empty file: "/Users/aravindhsampathkumar/ai_playground/aravindh.net/content/notes/test-typora.md"
12:39:38 [INFO] Injected front matter into "/Users/aravindhsampathkumar/ai_playground/aravindh.net/content/notes/test-typora.md"
12:39:39 [INFO] Change detected. Starting pipeline...
12:39:39 [INFO] Hugo build successful.
12:39:40 [INFO] Pipeline completed successfully.
12:39:46 [INFO] Change detected. Starting pipeline...
12:39:46 [INFO] Hugo build successful.
